$git:(master) glide init                                                                                                  [/mnt/shared/go-T/src/github.com/penhauer-xiao/simhash][14:18:55]
INFO[0000] No configuration file defined, Especially for glide configuration 
DEBU[0000] logrus & viper init done                      pos={github.com/penhauer-xiao/logrus wizard.go logrus.init.3 178}
[INFO]	Generating a YAML configuration file and guessing the dependencies
[INFO]	Attempting to import from other package managers (use --skip-import to skip)
[INFO]	Scanning code to look for dependencies
[INFO]	--> Found reference to golang.org/x/text/unicode/norm
[INFO]	Writing configuration file (glide.yaml)
[INFO]	Would you like Glide to help you find ways to improve your glide.yaml configuration?
[INFO]	If you want to revisit this step you can use the config-wizard command at any time.
[INFO]	Yes (Y) or No (N)?
Y
[INFO]	Looking for dependencies to make suggestions on
[INFO]	--> Scanning for dependencies not using version ranges
[INFO]	--> Scanning for dependencies using commit ids
[INFO]	Gathering information on each dependency
[INFO]	--> This may take a moment. Especially on a codebase with many dependencies
[INFO]	--> Gathering release information for dependencies
[INFO]	--> Looking for dependency imports where versions are commit ids
WARN[0033] KGWF Mode: https://golang.org/x/text/unicode/norm https://github.com/golang/text  pos={github.com/penhauer-xiao/vcs vcs_kgwf.go vcs.KGWF 83}
WARN[0033] KGWF Mode: https://golang.org/x/text/unicode/norm https://github.com/golang/text  pos={github.com/penhauer-xiao/vcs vcs_kgwf.go vcs.KGWF 83}
WARN[0033] KGWF Mode: https://golang.org/x/text/unicode/norm https://github.com/golang/text  pos={github.com/penhauer-xiao/vcs vcs_kgwf.go vcs.KGWF 83}
[INFO]	No proposed changes found. Have a nice day.
$git:(master*) glide update                                                                                               [/mnt/shared/go-T/src/github.com/penhauer-xiao/simhash][14:19:34]
INFO[0000] No configuration file defined, Especially for glide configuration 
DEBU[0000] logrus & viper init done                      pos={github.com/penhauer-xiao/logrus wizard.go logrus.init.3 178}
[INFO]	Downloading dependencies. Please wait...
[INFO]	--> Fetching golang.org/x/text/unicode/norm
WARN[0030] KGWF Mode: https://golang.org/x/text/unicode/norm https://github.com/golang/text  pos={github.com/penhauer-xiao/vcs vcs_kgwf.go vcs.KGWF 83}
WARN[0030] KGWF Mode: https://golang.org/x/text/unicode/norm https://github.com/golang/text  pos={github.com/penhauer-xiao/vcs vcs_kgwf.go vcs.KGWF 83}
INFO[0030] b: ===>[]interface {}{
    vcs.value{
        rawRemote_: "https://golang.org/x/text/unicode/norm",
        remote_:    "https://github.com/golang/text",
        local_:     "/home/kent/.glide/cache/src/https-golang.org-x-text-unicode-norm",
        branch_:    "",
        buf:        nil,
    },
}  pos={github.com/penhauer-xiao/vcs repo.go vcs.base.run 251}
INFO[0030] run: ===>[]interface {}{
    "git",
    []string{"clone", "--recursive", "https://github.com/golang/text", "/home/kent/.glide/cache/src/https-golang.org-x-text-unicode-norm"},
}  pos={github.com/penhauer-xiao/vcs repo.go vcs.base.run 252}
DEBU[0067] b: ===>[]interface {}{
    vcs.value{
        rawRemote_: "https://golang.org/x/text/unicode/norm",
        remote_:    "https://github.com/golang/text",
        local_:     "/home/kent/.glide/cache/src/https-golang.org-x-text-unicode-norm",
        branch_:    "",
        buf:        nil,
    },
}  pos={github.com/penhauer-xiao/vcs repo.go vcs.(*base).CmdFromDir 262}
INFO[0067] CmdFromDir: ===>[]interface {}{
    "git",
    []string{"symbolic-ref", "HEAD"},
}  pos={github.com/penhauer-xiao/vcs repo.go vcs.(*base).CmdFromDir 263}
WARN[0067] KGWF Mode: https://golang.org/x/text/unicode/norm https://github.com/golang/text  pos={github.com/penhauer-xiao/vcs vcs_kgwf.go vcs.KGWF 83}
WARN[0067] KGWF Mode: https://golang.org/x/text/unicode/norm https://github.com/golang/text  pos={github.com/penhauer-xiao/vcs vcs_kgwf.go vcs.KGWF 83}
WARN[0067] KGWF Mode: https://golang.org/x/text/unicode/norm https://github.com/golang/text  pos={github.com/penhauer-xiao/vcs vcs_kgwf.go vcs.KGWF 83}
DEBU[0067] b: ===>[]interface {}{
    vcs.value{
        rawRemote_: "https://golang.org/x/text/unicode/norm",
        remote_:    "https://github.com/golang/text",
        local_:     "/home/kent/.glide/cache/src/https-golang.org-x-text-unicode-norm",
        branch_:    "",
        buf:        nil,
    },
}  pos={github.com/penhauer-xiao/vcs repo.go vcs.(*base).CmdFromDir 262}
INFO[0067] CmdFromDir: ===>[]interface {}{
    "git",
    []string{"rev-parse", "HEAD"},
}  pos={github.com/penhauer-xiao/vcs repo.go vcs.(*base).CmdFromDir 263}
[INFO]	Resolving imports
[INFO]	Downloading dependencies. Please wait...
[INFO]	Setting references for remaining imports
[INFO]	Exporting resolved dependencies...
WARN[0067] KGWF Mode: https://golang.org/x/text/unicode/norm https://github.com/golang/text  pos={github.com/penhauer-xiao/vcs vcs_kgwf.go vcs.KGWF 83}
WARN[0067] KGWF Mode: https://golang.org/x/text/unicode/norm https://github.com/golang/text  pos={github.com/penhauer-xiao/vcs vcs_kgwf.go vcs.KGWF 83}
WARN[0067] KGWF Mode: https://golang.org/x/text/unicode/norm https://github.com/golang/text  pos={github.com/penhauer-xiao/vcs vcs_kgwf.go vcs.KGWF 83}
[INFO]	--> Exporting golang.org/x/text/unicode/norm
DEBU[0067] b: ===>[]interface {}{
    vcs.value{
        rawRemote_: "https://golang.org/x/text/unicode/norm",
        remote_:    "https://github.com/golang/text",
        local_:     "/home/kent/.glide/cache/src/https-golang.org-x-text-unicode-norm",
        branch_:    "",
        buf:        nil,
    },
}  pos={github.com/penhauer-xiao/vcs repo.go vcs.(*base).CmdFromDir 262}
INFO[0067] CmdFromDir: ===>[]interface {}{
    "git",
    []string{"checkout-index", "-f", "-a", "--prefix=/tmp/glide-vendor730304739/vendor/golang.org/x/text/unicode/norm/"},
}  pos={github.com/penhauer-xiao/vcs repo.go vcs.(*base).CmdFromDir 263}
DEBU[0067] b: ===>[]interface {}{
    vcs.value{
        rawRemote_: "https://golang.org/x/text/unicode/norm",
        remote_:    "https://github.com/golang/text",
        local_:     "/home/kent/.glide/cache/src/https-golang.org-x-text-unicode-norm",
        branch_:    "",
        buf:        nil,
    },
}  pos={github.com/penhauer-xiao/vcs repo.go vcs.(*base).CmdFromDir 262}
INFO[0067] CmdFromDir: ===>[]interface {}{
    "git",
    []string{"submodule", "foreach", "--recursive", "git checkout-index -f -a --prefix=/tmp/glide-vendor730304739/vendor/golang.org/x/text/unicode/norm/$path/"},
}  pos={github.com/penhauer-xiao/vcs repo.go vcs.(*base).CmdFromDir 263}
WARN[0068] ExportDir: ===>[]interface {}{
    vcs.value{
        rawRemote_: "https://golang.org/x/text/unicode/norm",
        remote_:    "https://github.com/golang/text",
        local_:     "/home/kent/.glide/cache/src/https-golang.org-x-text-unicode-norm",
        branch_:    "",
        buf:        nil,
    },
    "/tmp/glide-vendor730304739/vendor/golang.org/x/text/unicode/norm/",
    "/tmp/glide-vendor730304739/vendor/golang.org/x/text/unicode/norm/",
    "/tmp/glide-vendor730304739/vendor/golang.org/x/text/unicode/norm/$path/",
}  pos={github.com/penhauer-xiao/vcs git.go vcs.(*GitRepo).ExportDir 529}
[INFO]	Replacing existing vendor dependencies
[INFO]	Project relies on 1 dependencies.
